CRITICAL - 2025-08-17 13:36:04 --> CodeIgniter\View\Exceptions\ViewException: Invalid file: "users/userslist.php"
[Method: GET, Route: users]
in SYSTEMPATH\Exceptions\FrameworkException.php on line 39.
 1 SYSTEMPATH\View\View.php(214): CodeIgniter\Exceptions\FrameworkException::forInvalidFile('users/userslist.php')
 2 SYSTEMPATH\Common.php(1167): CodeIgniter\View\View->render('users/userslist', [], true)
 3 APPPATH\Controllers\Home.php(14): view('users/userslist')
 4 SYSTEMPATH\CodeIgniter.php(933): App\Controllers\Home->users()
 5 SYSTEMPATH\CodeIgniter.php(507): CodeIgniter\CodeIgniter->runController(Object(App\Controllers\Home))
 6 SYSTEMPATH\CodeIgniter.php(354): CodeIgniter\CodeIgniter->handleRequest(null, Object(Config\Cache), false)
 7 SYSTEMPATH\Boot.php(363): CodeIgniter\CodeIgniter->run()
 8 SYSTEMPATH\Boot.php(68): CodeIgniter\Boot::runCodeIgniter(Object(CodeIgniter\CodeIgniter))
 9 FCPATH\index.php(59): CodeIgniter\Boot::bootWeb(Object(Config\Paths))
10 SYSTEMPATH\rewrite.php(44): require_once('C:\\xampp\\htdocs\\ci4\\public\\index.php')
CRITICAL - 2025-08-17 13:36:08 --> CodeIgniter\View\Exceptions\ViewException: Invalid file: "users/userslist.php"
[Method: GET, Route: users]
in SYSTEMPATH\Exceptions\FrameworkException.php on line 39.
 1 SYSTEMPATH\View\View.php(214): CodeIgniter\Exceptions\FrameworkException::forInvalidFile('users/userslist.php')
 2 SYSTEMPATH\Common.php(1167): CodeIgniter\View\View->render('users/userslist', [], true)
 3 APPPATH\Controllers\Home.php(14): view('users/userslist')
 4 SYSTEMPATH\CodeIgniter.php(933): App\Controllers\Home->users()
 5 SYSTEMPATH\CodeIgniter.php(507): CodeIgniter\CodeIgniter->runController(Object(App\Controllers\Home))
 6 SYSTEMPATH\CodeIgniter.php(354): CodeIgniter\CodeIgniter->handleRequest(null, Object(Config\Cache), false)
 7 SYSTEMPATH\Boot.php(363): CodeIgniter\CodeIgniter->run()
 8 SYSTEMPATH\Boot.php(68): CodeIgniter\Boot::runCodeIgniter(Object(CodeIgniter\CodeIgniter))
 9 FCPATH\index.php(59): CodeIgniter\Boot::bootWeb(Object(Config\Paths))
10 SYSTEMPATH\rewrite.php(44): require_once('C:\\xampp\\htdocs\\ci4\\public\\index.php')
CRITICAL - 2025-08-17 14:35:33 --> CodeIgniter\View\Exceptions\ViewException: Invalid file: "users_list.php"
[Method: GET, Route: users]
in SYSTEMPATH\Exceptions\FrameworkException.php on line 39.
 1 SYSTEMPATH\View\View.php(214): CodeIgniter\Exceptions\FrameworkException::forInvalidFile('users_list.php')
 2 SYSTEMPATH\Common.php(1167): CodeIgniter\View\View->render('users_list', [], true)
 3 APPPATH\Controllers\Users.php(13): view('users_list', [...])
 4 SYSTEMPATH\CodeIgniter.php(933): App\Controllers\Users->index()
 5 SYSTEMPATH\CodeIgniter.php(507): CodeIgniter\CodeIgniter->runController(Object(App\Controllers\Users))
 6 SYSTEMPATH\CodeIgniter.php(354): CodeIgniter\CodeIgniter->handleRequest(null, Object(Config\Cache), false)
 7 SYSTEMPATH\Boot.php(363): CodeIgniter\CodeIgniter->run()
 8 SYSTEMPATH\Boot.php(68): CodeIgniter\Boot::runCodeIgniter(Object(CodeIgniter\CodeIgniter))
 9 FCPATH\index.php(59): CodeIgniter\Boot::bootWeb(Object(Config\Paths))
10 SYSTEMPATH\rewrite.php(44): require_once('C:\\xampp\\htdocs\\ci4\\public\\index.php')
CRITICAL - 2025-08-17 14:35:35 --> CodeIgniter\View\Exceptions\ViewException: Invalid file: "users_list.php"
[Method: GET, Route: users]
in SYSTEMPATH\Exceptions\FrameworkException.php on line 39.
 1 SYSTEMPATH\View\View.php(214): CodeIgniter\Exceptions\FrameworkException::forInvalidFile('users_list.php')
 2 SYSTEMPATH\Common.php(1167): CodeIgniter\View\View->render('users_list', [], true)
 3 APPPATH\Controllers\Users.php(13): view('users_list', [...])
 4 SYSTEMPATH\CodeIgniter.php(933): App\Controllers\Users->index()
 5 SYSTEMPATH\CodeIgniter.php(507): CodeIgniter\CodeIgniter->runController(Object(App\Controllers\Users))
 6 SYSTEMPATH\CodeIgniter.php(354): CodeIgniter\CodeIgniter->handleRequest(null, Object(Config\Cache), false)
 7 SYSTEMPATH\Boot.php(363): CodeIgniter\CodeIgniter->run()
 8 SYSTEMPATH\Boot.php(68): CodeIgniter\Boot::runCodeIgniter(Object(CodeIgniter\CodeIgniter))
 9 FCPATH\index.php(59): CodeIgniter\Boot::bootWeb(Object(Config\Paths))
10 SYSTEMPATH\rewrite.php(44): require_once('C:\\xampp\\htdocs\\ci4\\public\\index.php')
CRITICAL - 2025-08-17 14:37:56 --> CodeIgniter\View\Exceptions\ViewException: Invalid file: "users_list.php"
[Method: GET, Route: users]
in SYSTEMPATH\Exceptions\FrameworkException.php on line 39.
 1 SYSTEMPATH\View\View.php(214): CodeIgniter\Exceptions\FrameworkException::forInvalidFile('users_list.php')
 2 SYSTEMPATH\Common.php(1167): CodeIgniter\View\View->render('users_list', [], true)
 3 APPPATH\Controllers\Users.php(13): view('users_list', [...])
 4 SYSTEMPATH\CodeIgniter.php(933): App\Controllers\Users->index()
 5 SYSTEMPATH\CodeIgniter.php(507): CodeIgniter\CodeIgniter->runController(Object(App\Controllers\Users))
 6 SYSTEMPATH\CodeIgniter.php(354): CodeIgniter\CodeIgniter->handleRequest(null, Object(Config\Cache), false)
 7 SYSTEMPATH\Boot.php(363): CodeIgniter\CodeIgniter->run()
 8 SYSTEMPATH\Boot.php(68): CodeIgniter\Boot::runCodeIgniter(Object(CodeIgniter\CodeIgniter))
 9 FCPATH\index.php(59): CodeIgniter\Boot::bootWeb(Object(Config\Paths))
10 SYSTEMPATH\rewrite.php(44): require_once('C:\\xampp\\htdocs\\ci4\\public\\index.php')
CRITICAL - 2025-08-17 14:38:06 --> CodeIgniter\View\Exceptions\ViewException: Invalid file: "users_list.php"
[Method: GET, Route: users]
in SYSTEMPATH\Exceptions\FrameworkException.php on line 39.
 1 SYSTEMPATH\View\View.php(214): CodeIgniter\Exceptions\FrameworkException::forInvalidFile('users_list.php')
 2 SYSTEMPATH\Common.php(1167): CodeIgniter\View\View->render('users_list', [], true)
 3 APPPATH\Controllers\Users.php(13): view('users_list', [...])
 4 SYSTEMPATH\CodeIgniter.php(933): App\Controllers\Users->index()
 5 SYSTEMPATH\CodeIgniter.php(507): CodeIgniter\CodeIgniter->runController(Object(App\Controllers\Users))
 6 SYSTEMPATH\CodeIgniter.php(354): CodeIgniter\CodeIgniter->handleRequest(null, Object(Config\Cache), false)
 7 SYSTEMPATH\Boot.php(363): CodeIgniter\CodeIgniter->run()
 8 SYSTEMPATH\Boot.php(68): CodeIgniter\Boot::runCodeIgniter(Object(CodeIgniter\CodeIgniter))
 9 FCPATH\index.php(59): CodeIgniter\Boot::bootWeb(Object(Config\Paths))
10 SYSTEMPATH\rewrite.php(44): require_once('C:\\xampp\\htdocs\\ci4\\public\\index.php')
CRITICAL - 2025-08-17 15:33:07 --> CodeIgniter\View\Exceptions\ViewException: Invalid file: "users_list.php"
[Method: GET, Route: users]
in SYSTEMPATH\Exceptions\FrameworkException.php on line 39.
 1 SYSTEMPATH\View\View.php(214): CodeIgniter\Exceptions\FrameworkException::forInvalidFile('users_list.php')
 2 SYSTEMPATH\Common.php(1167): CodeIgniter\View\View->render('users_list', [], true)
 3 APPPATH\Controllers\Users.php(13): view('users_list', [...])
 4 SYSTEMPATH\CodeIgniter.php(933): App\Controllers\Users->index()
 5 SYSTEMPATH\CodeIgniter.php(507): CodeIgniter\CodeIgniter->runController(Object(App\Controllers\Users))
 6 SYSTEMPATH\CodeIgniter.php(354): CodeIgniter\CodeIgniter->handleRequest(null, Object(Config\Cache), false)
 7 SYSTEMPATH\Boot.php(363): CodeIgniter\CodeIgniter->run()
 8 SYSTEMPATH\Boot.php(68): CodeIgniter\Boot::runCodeIgniter(Object(CodeIgniter\CodeIgniter))
 9 FCPATH\index.php(59): CodeIgniter\Boot::bootWeb(Object(Config\Paths))
10 SYSTEMPATH\rewrite.php(44): require_once('C:\\xampp\\htdocs\\ci4\\public\\index.php')
CRITICAL - 2025-08-17 15:33:29 --> CodeIgniter\View\Exceptions\ViewException: Invalid file: "users_list.php"
[Method: GET, Route: users]
in SYSTEMPATH\Exceptions\FrameworkException.php on line 39.
 1 SYSTEMPATH\View\View.php(214): CodeIgniter\Exceptions\FrameworkException::forInvalidFile('users_list.php')
 2 SYSTEMPATH\Common.php(1167): CodeIgniter\View\View->render('users_list', [], true)
 3 APPPATH\Controllers\Users.php(13): view('users_list', [...])
 4 SYSTEMPATH\CodeIgniter.php(933): App\Controllers\Users->index()
 5 SYSTEMPATH\CodeIgniter.php(507): CodeIgniter\CodeIgniter->runController(Object(App\Controllers\Users))
 6 SYSTEMPATH\CodeIgniter.php(354): CodeIgniter\CodeIgniter->handleRequest(null, Object(Config\Cache), false)
 7 SYSTEMPATH\Boot.php(363): CodeIgniter\CodeIgniter->run()
 8 SYSTEMPATH\Boot.php(68): CodeIgniter\Boot::runCodeIgniter(Object(CodeIgniter\CodeIgniter))
 9 FCPATH\index.php(59): CodeIgniter\Boot::bootWeb(Object(Config\Paths))
10 SYSTEMPATH\rewrite.php(44): require_once('C:\\xampp\\htdocs\\ci4\\public\\index.php')
CRITICAL - 2025-08-17 15:33:46 --> CodeIgniter\View\Exceptions\ViewException: Invalid file: "users_list.php"
[Method: GET, Route: users]
in SYSTEMPATH\Exceptions\FrameworkException.php on line 39.
 1 SYSTEMPATH\View\View.php(214): CodeIgniter\Exceptions\FrameworkException::forInvalidFile('users_list.php')
 2 SYSTEMPATH\Common.php(1167): CodeIgniter\View\View->render('users_list', [], true)
 3 APPPATH\Controllers\Users.php(13): view('users_list', [...])
 4 SYSTEMPATH\CodeIgniter.php(933): App\Controllers\Users->index()
 5 SYSTEMPATH\CodeIgniter.php(507): CodeIgniter\CodeIgniter->runController(Object(App\Controllers\Users))
 6 SYSTEMPATH\CodeIgniter.php(354): CodeIgniter\CodeIgniter->handleRequest(null, Object(Config\Cache), false)
 7 SYSTEMPATH\Boot.php(363): CodeIgniter\CodeIgniter->run()
 8 SYSTEMPATH\Boot.php(68): CodeIgniter\Boot::runCodeIgniter(Object(CodeIgniter\CodeIgniter))
 9 FCPATH\index.php(59): CodeIgniter\Boot::bootWeb(Object(Config\Paths))
10 SYSTEMPATH\rewrite.php(44): require_once('C:\\xampp\\htdocs\\ci4\\public\\index.php')
CRITICAL - 2025-08-17 16:54:12 --> CodeIgniter\View\Exceptions\ViewException: Invalid file: "user_form.php"
[Method: GET, Route: users/create]
in SYSTEMPATH\Exceptions\FrameworkException.php on line 39.
 1 SYSTEMPATH\View\View.php(214): CodeIgniter\Exceptions\FrameworkException::forInvalidFile('user_form.php')
 2 SYSTEMPATH\Common.php(1167): CodeIgniter\View\View->render('user_form', [], true)
 3 APPPATH\Controllers\Users.php(19): view('user_form')
 4 SYSTEMPATH\CodeIgniter.php(933): App\Controllers\Users->create()
 5 SYSTEMPATH\CodeIgniter.php(507): CodeIgniter\CodeIgniter->runController(Object(App\Controllers\Users))
 6 SYSTEMPATH\CodeIgniter.php(354): CodeIgniter\CodeIgniter->handleRequest(null, Object(Config\Cache), false)
 7 SYSTEMPATH\Boot.php(363): CodeIgniter\CodeIgniter->run()
 8 SYSTEMPATH\Boot.php(68): CodeIgniter\Boot::runCodeIgniter(Object(CodeIgniter\CodeIgniter))
 9 FCPATH\index.php(59): CodeIgniter\Boot::bootWeb(Object(Config\Paths))
10 SYSTEMPATH\rewrite.php(44): require_once('C:\\xampp\\htdocs\\ci4\\public\\index.php')
CRITICAL - 2025-08-17 16:55:03 --> CodeIgniter\View\Exceptions\ViewException: Invalid file: "user_edit_form.php"
[Method: GET, Route: users/edit/1]
in SYSTEMPATH\Exceptions\FrameworkException.php on line 39.
 1 SYSTEMPATH\View\View.php(214): CodeIgniter\Exceptions\FrameworkException::forInvalidFile('user_edit_form.php')
 2 SYSTEMPATH\Common.php(1167): CodeIgniter\View\View->render('user_edit_form', [], true)
 3 APPPATH\Controllers\Users.php(44): view('user_edit_form', [...])
 4 SYSTEMPATH\CodeIgniter.php(933): App\Controllers\Users->edit('1')
 5 SYSTEMPATH\CodeIgniter.php(507): CodeIgniter\CodeIgniter->runController(Object(App\Controllers\Users))
 6 SYSTEMPATH\CodeIgniter.php(354): CodeIgniter\CodeIgniter->handleRequest(null, Object(Config\Cache), false)
 7 SYSTEMPATH\Boot.php(363): CodeIgniter\CodeIgniter->run()
 8 SYSTEMPATH\Boot.php(68): CodeIgniter\Boot::runCodeIgniter(Object(CodeIgniter\CodeIgniter))
 9 FCPATH\index.php(59): CodeIgniter\Boot::bootWeb(Object(Config\Paths))
10 SYSTEMPATH\rewrite.php(44): require_once('C:\\xampp\\htdocs\\ci4\\public\\index.php')
CRITICAL - 2025-08-17 16:55:09 --> CodeIgniter\View\Exceptions\ViewException: Invalid file: "user_edit_form.php"
[Method: GET, Route: users/edit/4]
in SYSTEMPATH\Exceptions\FrameworkException.php on line 39.
 1 SYSTEMPATH\View\View.php(214): CodeIgniter\Exceptions\FrameworkException::forInvalidFile('user_edit_form.php')
 2 SYSTEMPATH\Common.php(1167): CodeIgniter\View\View->render('user_edit_form', [], true)
 3 APPPATH\Controllers\Users.php(44): view('user_edit_form', [...])
 4 SYSTEMPATH\CodeIgniter.php(933): App\Controllers\Users->edit('4')
 5 SYSTEMPATH\CodeIgniter.php(507): CodeIgniter\CodeIgniter->runController(Object(App\Controllers\Users))
 6 SYSTEMPATH\CodeIgniter.php(354): CodeIgniter\CodeIgniter->handleRequest(null, Object(Config\Cache), false)
 7 SYSTEMPATH\Boot.php(363): CodeIgniter\CodeIgniter->run()
 8 SYSTEMPATH\Boot.php(68): CodeIgniter\Boot::runCodeIgniter(Object(CodeIgniter\CodeIgniter))
 9 FCPATH\index.php(59): CodeIgniter\Boot::bootWeb(Object(Config\Paths))
10 SYSTEMPATH\rewrite.php(44): require_once('C:\\xampp\\htdocs\\ci4\\public\\index.php')
CRITICAL - 2025-08-17 17:25:52 --> ErrorException: Cannot redeclare App\Controllers\Users::index()
[Method: GET, Route: users]
in APPPATH\Controllers\Users.php on line 81.
 1 [internal function]: CodeIgniter\Debug\Exceptions->shutdownHandler()
CRITICAL - 2025-08-17 17:26:10 --> CodeIgniter\View\Exceptions\ViewException: Invalid file: "users_list.php"
[Method: GET, Route: users]
in SYSTEMPATH\Exceptions\FrameworkException.php on line 39.
 1 SYSTEMPATH\View\View.php(214): CodeIgniter\Exceptions\FrameworkException::forInvalidFile('users_list.php')
 2 SYSTEMPATH\Common.php(1167): CodeIgniter\View\View->render('users_list', [], true)
 3 APPPATH\Controllers\Users.php(89): view('users_list', [...])
 4 SYSTEMPATH\CodeIgniter.php(933): App\Controllers\Users->index()
 5 SYSTEMPATH\CodeIgniter.php(507): CodeIgniter\CodeIgniter->runController(Object(App\Controllers\Users))
 6 SYSTEMPATH\CodeIgniter.php(354): CodeIgniter\CodeIgniter->handleRequest(null, Object(Config\Cache), false)
 7 SYSTEMPATH\Boot.php(363): CodeIgniter\CodeIgniter->run()
 8 SYSTEMPATH\Boot.php(68): CodeIgniter\Boot::runCodeIgniter(Object(CodeIgniter\CodeIgniter))
 9 FCPATH\index.php(59): CodeIgniter\Boot::bootWeb(Object(Config\Paths))
10 SYSTEMPATH\rewrite.php(44): require_once('C:\\xampp\\htdocs\\ci4\\public\\index.php')
CRITICAL - 2025-08-17 17:26:11 --> CodeIgniter\View\Exceptions\ViewException: Invalid file: "users_list.php"
[Method: GET, Route: users]
in SYSTEMPATH\Exceptions\FrameworkException.php on line 39.
 1 SYSTEMPATH\View\View.php(214): CodeIgniter\Exceptions\FrameworkException::forInvalidFile('users_list.php')
 2 SYSTEMPATH\Common.php(1167): CodeIgniter\View\View->render('users_list', [], true)
 3 APPPATH\Controllers\Users.php(89): view('users_list', [...])
 4 SYSTEMPATH\CodeIgniter.php(933): App\Controllers\Users->index()
 5 SYSTEMPATH\CodeIgniter.php(507): CodeIgniter\CodeIgniter->runController(Object(App\Controllers\Users))
 6 SYSTEMPATH\CodeIgniter.php(354): CodeIgniter\CodeIgniter->handleRequest(null, Object(Config\Cache), false)
 7 SYSTEMPATH\Boot.php(363): CodeIgniter\CodeIgniter->run()
 8 SYSTEMPATH\Boot.php(68): CodeIgniter\Boot::runCodeIgniter(Object(CodeIgniter\CodeIgniter))
 9 FCPATH\index.php(59): CodeIgniter\Boot::bootWeb(Object(Config\Paths))
10 SYSTEMPATH\rewrite.php(44): require_once('C:\\xampp\\htdocs\\ci4\\public\\index.php')
CRITICAL - 2025-08-17 17:26:17 --> CodeIgniter\View\Exceptions\ViewException: Invalid file: "users_list.php"
[Method: GET, Route: users]
in SYSTEMPATH\Exceptions\FrameworkException.php on line 39.
 1 SYSTEMPATH\View\View.php(214): CodeIgniter\Exceptions\FrameworkException::forInvalidFile('users_list.php')
 2 SYSTEMPATH\Common.php(1167): CodeIgniter\View\View->render('users_list', [], true)
 3 APPPATH\Controllers\Users.php(89): view('users_list', [...])
 4 SYSTEMPATH\CodeIgniter.php(933): App\Controllers\Users->index()
 5 SYSTEMPATH\CodeIgniter.php(507): CodeIgniter\CodeIgniter->runController(Object(App\Controllers\Users))
 6 SYSTEMPATH\CodeIgniter.php(354): CodeIgniter\CodeIgniter->handleRequest(null, Object(Config\Cache), false)
 7 SYSTEMPATH\Boot.php(363): CodeIgniter\CodeIgniter->run()
 8 SYSTEMPATH\Boot.php(68): CodeIgniter\Boot::runCodeIgniter(Object(CodeIgniter\CodeIgniter))
 9 FCPATH\index.php(59): CodeIgniter\Boot::bootWeb(Object(Config\Paths))
10 SYSTEMPATH\rewrite.php(44): require_once('C:\\xampp\\htdocs\\ci4\\public\\index.php')
CRITICAL - 2025-08-17 17:26:44 --> ErrorException: Cannot redeclare App\Controllers\Users::index()
[Method: GET, Route: users]
in APPPATH\Controllers\Users.php on line 81.
 1 [internal function]: CodeIgniter\Debug\Exceptions->shutdownHandler()
CRITICAL - 2025-08-17 17:26:45 --> ErrorException: Cannot redeclare App\Controllers\Users::index()
[Method: GET, Route: users]
in APPPATH\Controllers\Users.php on line 81.
 1 [internal function]: CodeIgniter\Debug\Exceptions->shutdownHandler()
CRITICAL - 2025-08-17 17:41:42 --> CodeIgniter\Pager\Exceptions\PagerException: "custom_pagination" is not a valid Pager template.
[Method: GET, Route: users]
in SYSTEMPATH\Pager\Pager.php on line 124.
 1 SYSTEMPATH\Pager\Pager.php(124): CodeIgniter\Pager\Exceptions\PagerException::forInvalidTemplate('custom_pagination')
 2 SYSTEMPATH\Pager\Pager.php(87): CodeIgniter\Pager\Pager->displayLinks('default', 'custom_pagination')
 3 APPPATH\Views\users.php(264): CodeIgniter\Pager\Pager->links('default', 'custom_pagination')
 4 SYSTEMPATH\View\View.php(226): include('C:\\xampp\\htdocs\\ci4\\app\\Views\\users.php')
 5 SYSTEMPATH\View\View.php(229): CodeIgniter\View\View->CodeIgniter\View\{closure}()
 6 SYSTEMPATH\Common.php(1167): CodeIgniter\View\View->render('users', [], true)
 7 APPPATH\Controllers\Users.php(24): view('users', [...])
 8 SYSTEMPATH\CodeIgniter.php(933): App\Controllers\Users->index()
 9 SYSTEMPATH\CodeIgniter.php(507): CodeIgniter\CodeIgniter->runController(Object(App\Controllers\Users))
10 SYSTEMPATH\CodeIgniter.php(354): CodeIgniter\CodeIgniter->handleRequest(null, Object(Config\Cache), false)
11 SYSTEMPATH\Boot.php(363): CodeIgniter\CodeIgniter->run()
12 SYSTEMPATH\Boot.php(68): CodeIgniter\Boot::runCodeIgniter(Object(CodeIgniter\CodeIgniter))
13 FCPATH\index.php(59): CodeIgniter\Boot::bootWeb(Object(Config\Paths))
14 SYSTEMPATH\rewrite.php(44): require_once('C:\\xampp\\htdocs\\ci4\\public\\index.php')
CRITICAL - 2025-08-17 17:41:52 --> CodeIgniter\Pager\Exceptions\PagerException: "custom_pagination" is not a valid Pager template.
[Method: GET, Route: users]
in SYSTEMPATH\Pager\Pager.php on line 124.
 1 SYSTEMPATH\Pager\Pager.php(124): CodeIgniter\Pager\Exceptions\PagerException::forInvalidTemplate('custom_pagination')
 2 SYSTEMPATH\Pager\Pager.php(87): CodeIgniter\Pager\Pager->displayLinks('default', 'custom_pagination')
 3 APPPATH\Views\users.php(264): CodeIgniter\Pager\Pager->links('default', 'custom_pagination')
 4 SYSTEMPATH\View\View.php(226): include('C:\\xampp\\htdocs\\ci4\\app\\Views\\users.php')
 5 SYSTEMPATH\View\View.php(229): CodeIgniter\View\View->CodeIgniter\View\{closure}()
 6 SYSTEMPATH\Common.php(1167): CodeIgniter\View\View->render('users', [], true)
 7 APPPATH\Controllers\Users.php(24): view('users', [...])
 8 SYSTEMPATH\CodeIgniter.php(933): App\Controllers\Users->index()
 9 SYSTEMPATH\CodeIgniter.php(507): CodeIgniter\CodeIgniter->runController(Object(App\Controllers\Users))
10 SYSTEMPATH\CodeIgniter.php(354): CodeIgniter\CodeIgniter->handleRequest(null, Object(Config\Cache), false)
11 SYSTEMPATH\Boot.php(363): CodeIgniter\CodeIgniter->run()
12 SYSTEMPATH\Boot.php(68): CodeIgniter\Boot::runCodeIgniter(Object(CodeIgniter\CodeIgniter))
13 FCPATH\index.php(59): CodeIgniter\Boot::bootWeb(Object(Config\Paths))
14 SYSTEMPATH\rewrite.php(44): require_once('C:\\xampp\\htdocs\\ci4\\public\\index.php')
CRITICAL - 2025-08-17 17:42:03 --> CodeIgniter\Pager\Exceptions\PagerException: "custom_pagination" is not a valid Pager template.
[Method: GET, Route: users]
in SYSTEMPATH\Pager\Pager.php on line 124.
 1 SYSTEMPATH\Pager\Pager.php(124): CodeIgniter\Pager\Exceptions\PagerException::forInvalidTemplate('custom_pagination')
 2 SYSTEMPATH\Pager\Pager.php(87): CodeIgniter\Pager\Pager->displayLinks('default', 'custom_pagination')
 3 APPPATH\Views\users.php(264): CodeIgniter\Pager\Pager->links('default', 'custom_pagination')
 4 SYSTEMPATH\View\View.php(226): include('C:\\xampp\\htdocs\\ci4\\app\\Views\\users.php')
 5 SYSTEMPATH\View\View.php(229): CodeIgniter\View\View->CodeIgniter\View\{closure}()
 6 SYSTEMPATH\Common.php(1167): CodeIgniter\View\View->render('users', [], true)
 7 APPPATH\Controllers\Users.php(24): view('users', [...])
 8 SYSTEMPATH\CodeIgniter.php(933): App\Controllers\Users->index()
 9 SYSTEMPATH\CodeIgniter.php(507): CodeIgniter\CodeIgniter->runController(Object(App\Controllers\Users))
10 SYSTEMPATH\CodeIgniter.php(354): CodeIgniter\CodeIgniter->handleRequest(null, Object(Config\Cache), false)
11 SYSTEMPATH\Boot.php(363): CodeIgniter\CodeIgniter->run()
12 SYSTEMPATH\Boot.php(68): CodeIgniter\Boot::runCodeIgniter(Object(CodeIgniter\CodeIgniter))
13 FCPATH\index.php(59): CodeIgniter\Boot::bootWeb(Object(Config\Paths))
14 SYSTEMPATH\rewrite.php(44): require_once('C:\\xampp\\htdocs\\ci4\\public\\index.php')
CRITICAL - 2025-08-17 17:42:03 --> CodeIgniter\Pager\Exceptions\PagerException: "custom_pagination" is not a valid Pager template.
[Method: GET, Route: users]
in SYSTEMPATH\Pager\Pager.php on line 124.
 1 SYSTEMPATH\Pager\Pager.php(124): CodeIgniter\Pager\Exceptions\PagerException::forInvalidTemplate('custom_pagination')
 2 SYSTEMPATH\Pager\Pager.php(87): CodeIgniter\Pager\Pager->displayLinks('default', 'custom_pagination')
 3 APPPATH\Views\users.php(264): CodeIgniter\Pager\Pager->links('default', 'custom_pagination')
 4 SYSTEMPATH\View\View.php(226): include('C:\\xampp\\htdocs\\ci4\\app\\Views\\users.php')
 5 SYSTEMPATH\View\View.php(229): CodeIgniter\View\View->CodeIgniter\View\{closure}()
 6 SYSTEMPATH\Common.php(1167): CodeIgniter\View\View->render('users', [], true)
 7 APPPATH\Controllers\Users.php(24): view('users', [...])
 8 SYSTEMPATH\CodeIgniter.php(933): App\Controllers\Users->index()
 9 SYSTEMPATH\CodeIgniter.php(507): CodeIgniter\CodeIgniter->runController(Object(App\Controllers\Users))
10 SYSTEMPATH\CodeIgniter.php(354): CodeIgniter\CodeIgniter->handleRequest(null, Object(Config\Cache), false)
11 SYSTEMPATH\Boot.php(363): CodeIgniter\CodeIgniter->run()
12 SYSTEMPATH\Boot.php(68): CodeIgniter\Boot::runCodeIgniter(Object(CodeIgniter\CodeIgniter))
13 FCPATH\index.php(59): CodeIgniter\Boot::bootWeb(Object(Config\Paths))
14 SYSTEMPATH\rewrite.php(44): require_once('C:\\xampp\\htdocs\\ci4\\public\\index.php')
CRITICAL - 2025-08-17 17:42:19 --> CodeIgniter\Pager\Exceptions\PagerException: "custom_pagination" is not a valid Pager template.
[Method: GET, Route: users]
in SYSTEMPATH\Pager\Pager.php on line 124.
 1 SYSTEMPATH\Pager\Pager.php(124): CodeIgniter\Pager\Exceptions\PagerException::forInvalidTemplate('custom_pagination')
 2 SYSTEMPATH\Pager\Pager.php(87): CodeIgniter\Pager\Pager->displayLinks('default', 'custom_pagination')
 3 APPPATH\Views\users.php(264): CodeIgniter\Pager\Pager->links('default', 'custom_pagination')
 4 SYSTEMPATH\View\View.php(226): include('C:\\xampp\\htdocs\\ci4\\app\\Views\\users.php')
 5 SYSTEMPATH\View\View.php(229): CodeIgniter\View\View->CodeIgniter\View\{closure}()
 6 SYSTEMPATH\Common.php(1167): CodeIgniter\View\View->render('users', [], true)
 7 APPPATH\Controllers\Users.php(24): view('users', [...])
 8 SYSTEMPATH\CodeIgniter.php(933): App\Controllers\Users->index()
 9 SYSTEMPATH\CodeIgniter.php(507): CodeIgniter\CodeIgniter->runController(Object(App\Controllers\Users))
10 SYSTEMPATH\CodeIgniter.php(354): CodeIgniter\CodeIgniter->handleRequest(null, Object(Config\Cache), false)
11 SYSTEMPATH\Boot.php(363): CodeIgniter\CodeIgniter->run()
12 SYSTEMPATH\Boot.php(68): CodeIgniter\Boot::runCodeIgniter(Object(CodeIgniter\CodeIgniter))
13 FCPATH\index.php(59): CodeIgniter\Boot::bootWeb(Object(Config\Paths))
14 SYSTEMPATH\rewrite.php(44): require_once('C:\\xampp\\htdocs\\ci4\\public\\index.php')
CRITICAL - 2025-08-17 17:42:20 --> CodeIgniter\Pager\Exceptions\PagerException: "custom_pagination" is not a valid Pager template.
[Method: GET, Route: users]
in SYSTEMPATH\Pager\Pager.php on line 124.
 1 SYSTEMPATH\Pager\Pager.php(124): CodeIgniter\Pager\Exceptions\PagerException::forInvalidTemplate('custom_pagination')
 2 SYSTEMPATH\Pager\Pager.php(87): CodeIgniter\Pager\Pager->displayLinks('default', 'custom_pagination')
 3 APPPATH\Views\users.php(264): CodeIgniter\Pager\Pager->links('default', 'custom_pagination')
 4 SYSTEMPATH\View\View.php(226): include('C:\\xampp\\htdocs\\ci4\\app\\Views\\users.php')
 5 SYSTEMPATH\View\View.php(229): CodeIgniter\View\View->CodeIgniter\View\{closure}()
 6 SYSTEMPATH\Common.php(1167): CodeIgniter\View\View->render('users', [], true)
 7 APPPATH\Controllers\Users.php(24): view('users', [...])
 8 SYSTEMPATH\CodeIgniter.php(933): App\Controllers\Users->index()
 9 SYSTEMPATH\CodeIgniter.php(507): CodeIgniter\CodeIgniter->runController(Object(App\Controllers\Users))
10 SYSTEMPATH\CodeIgniter.php(354): CodeIgniter\CodeIgniter->handleRequest(null, Object(Config\Cache), false)
11 SYSTEMPATH\Boot.php(363): CodeIgniter\CodeIgniter->run()
12 SYSTEMPATH\Boot.php(68): CodeIgniter\Boot::runCodeIgniter(Object(CodeIgniter\CodeIgniter))
13 FCPATH\index.php(59): CodeIgniter\Boot::bootWeb(Object(Config\Paths))
14 SYSTEMPATH\rewrite.php(44): require_once('C:\\xampp\\htdocs\\ci4\\public\\index.php')
CRITICAL - 2025-08-17 17:42:20 --> CodeIgniter\Pager\Exceptions\PagerException: "custom_pagination" is not a valid Pager template.
[Method: GET, Route: users]
in SYSTEMPATH\Pager\Pager.php on line 124.
 1 SYSTEMPATH\Pager\Pager.php(124): CodeIgniter\Pager\Exceptions\PagerException::forInvalidTemplate('custom_pagination')
 2 SYSTEMPATH\Pager\Pager.php(87): CodeIgniter\Pager\Pager->displayLinks('default', 'custom_pagination')
 3 APPPATH\Views\users.php(264): CodeIgniter\Pager\Pager->links('default', 'custom_pagination')
 4 SYSTEMPATH\View\View.php(226): include('C:\\xampp\\htdocs\\ci4\\app\\Views\\users.php')
 5 SYSTEMPATH\View\View.php(229): CodeIgniter\View\View->CodeIgniter\View\{closure}()
 6 SYSTEMPATH\Common.php(1167): CodeIgniter\View\View->render('users', [], true)
 7 APPPATH\Controllers\Users.php(24): view('users', [...])
 8 SYSTEMPATH\CodeIgniter.php(933): App\Controllers\Users->index()
 9 SYSTEMPATH\CodeIgniter.php(507): CodeIgniter\CodeIgniter->runController(Object(App\Controllers\Users))
10 SYSTEMPATH\CodeIgniter.php(354): CodeIgniter\CodeIgniter->handleRequest(null, Object(Config\Cache), false)
11 SYSTEMPATH\Boot.php(363): CodeIgniter\CodeIgniter->run()
12 SYSTEMPATH\Boot.php(68): CodeIgniter\Boot::runCodeIgniter(Object(CodeIgniter\CodeIgniter))
13 FCPATH\index.php(59): CodeIgniter\Boot::bootWeb(Object(Config\Paths))
14 SYSTEMPATH\rewrite.php(44): require_once('C:\\xampp\\htdocs\\ci4\\public\\index.php')
CRITICAL - 2025-08-17 17:44:27 --> CodeIgniter\Pager\Exceptions\PagerException: "custom_pagination" is not a valid Pager template.
[Method: GET, Route: users]
in SYSTEMPATH\Pager\Pager.php on line 124.
 1 SYSTEMPATH\Pager\Pager.php(124): CodeIgniter\Pager\Exceptions\PagerException::forInvalidTemplate('custom_pagination')
 2 SYSTEMPATH\Pager\Pager.php(87): CodeIgniter\Pager\Pager->displayLinks('default', 'custom_pagination')
 3 APPPATH\Views\users.php(264): CodeIgniter\Pager\Pager->links('default', 'custom_pagination')
 4 SYSTEMPATH\View\View.php(226): include('C:\\xampp\\htdocs\\ci4\\app\\Views\\users.php')
 5 SYSTEMPATH\View\View.php(229): CodeIgniter\View\View->CodeIgniter\View\{closure}()
 6 SYSTEMPATH\Common.php(1167): CodeIgniter\View\View->render('users', [], true)
 7 APPPATH\Controllers\Users.php(24): view('users', [...])
 8 SYSTEMPATH\CodeIgniter.php(933): App\Controllers\Users->index()
 9 SYSTEMPATH\CodeIgniter.php(507): CodeIgniter\CodeIgniter->runController(Object(App\Controllers\Users))
10 SYSTEMPATH\CodeIgniter.php(354): CodeIgniter\CodeIgniter->handleRequest(null, Object(Config\Cache), false)
11 SYSTEMPATH\Boot.php(363): CodeIgniter\CodeIgniter->run()
12 SYSTEMPATH\Boot.php(68): CodeIgniter\Boot::runCodeIgniter(Object(CodeIgniter\CodeIgniter))
13 FCPATH\index.php(59): CodeIgniter\Boot::bootWeb(Object(Config\Paths))
14 SYSTEMPATH\rewrite.php(44): require_once('C:\\xampp\\htdocs\\ci4\\public\\index.php')
CRITICAL - 2025-08-17 17:54:41 --> CodeIgniter\Pager\Exceptions\PagerException: "custom_pagination" is not a valid Pager template.
[Method: GET, Route: users]
in SYSTEMPATH\Pager\Pager.php on line 124.
 1 SYSTEMPATH\Pager\Pager.php(124): CodeIgniter\Pager\Exceptions\PagerException::forInvalidTemplate('custom_pagination')
 2 SYSTEMPATH\Pager\Pager.php(87): CodeIgniter\Pager\Pager->displayLinks('default', 'custom_pagination')
 3 APPPATH\Views\users.php(264): CodeIgniter\Pager\Pager->links('default', 'custom_pagination')
 4 SYSTEMPATH\View\View.php(226): include('C:\\xampp\\htdocs\\ci4\\app\\Views\\users.php')
 5 SYSTEMPATH\View\View.php(229): CodeIgniter\View\View->CodeIgniter\View\{closure}()
 6 SYSTEMPATH\Common.php(1167): CodeIgniter\View\View->render('users', [], true)
 7 APPPATH\Controllers\Users.php(24): view('users', [...])
 8 SYSTEMPATH\CodeIgniter.php(933): App\Controllers\Users->index()
 9 SYSTEMPATH\CodeIgniter.php(507): CodeIgniter\CodeIgniter->runController(Object(App\Controllers\Users))
10 SYSTEMPATH\CodeIgniter.php(354): CodeIgniter\CodeIgniter->handleRequest(null, Object(Config\Cache), false)
11 SYSTEMPATH\Boot.php(363): CodeIgniter\CodeIgniter->run()
12 SYSTEMPATH\Boot.php(68): CodeIgniter\Boot::runCodeIgniter(Object(CodeIgniter\CodeIgniter))
13 FCPATH\index.php(59): CodeIgniter\Boot::bootWeb(Object(Config\Paths))
14 SYSTEMPATH\rewrite.php(44): require_once('C:\\xampp\\htdocs\\ci4\\public\\index.php')
CRITICAL - 2025-08-17 18:01:16 --> CodeIgniter\Pager\Exceptions\PagerException: "custom_pagination" is not a valid Pager template.
[Method: GET, Route: users]
in SYSTEMPATH\Pager\Pager.php on line 124.
 1 SYSTEMPATH\Pager\Pager.php(124): CodeIgniter\Pager\Exceptions\PagerException::forInvalidTemplate('custom_pagination')
 2 SYSTEMPATH\Pager\Pager.php(87): CodeIgniter\Pager\Pager->displayLinks('default', 'custom_pagination')
 3 APPPATH\Views\users.php(266): CodeIgniter\Pager\Pager->links('default', 'custom_pagination')
 4 SYSTEMPATH\View\View.php(226): include('C:\\xampp\\htdocs\\ci4\\app\\Views\\users.php')
 5 SYSTEMPATH\View\View.php(229): CodeIgniter\View\View->CodeIgniter\View\{closure}()
 6 SYSTEMPATH\Common.php(1167): CodeIgniter\View\View->render('users', [], true)
 7 APPPATH\Controllers\Users.php(24): view('users', [...])
 8 SYSTEMPATH\CodeIgniter.php(933): App\Controllers\Users->index()
 9 SYSTEMPATH\CodeIgniter.php(507): CodeIgniter\CodeIgniter->runController(Object(App\Controllers\Users))
10 SYSTEMPATH\CodeIgniter.php(354): CodeIgniter\CodeIgniter->handleRequest(null, Object(Config\Cache), false)
11 SYSTEMPATH\Boot.php(363): CodeIgniter\CodeIgniter->run()
12 SYSTEMPATH\Boot.php(68): CodeIgniter\Boot::runCodeIgniter(Object(CodeIgniter\CodeIgniter))
13 FCPATH\index.php(59): CodeIgniter\Boot::bootWeb(Object(Config\Paths))
14 SYSTEMPATH\rewrite.php(44): require_once('C:\\xampp\\htdocs\\ci4\\public\\index.php')
CRITICAL - 2025-08-17 18:02:32 --> CodeIgniter\Pager\Exceptions\PagerException: "custom_pagination" is not a valid Pager template.
[Method: GET, Route: users]
in SYSTEMPATH\Pager\Pager.php on line 124.
 1 SYSTEMPATH\Pager\Pager.php(124): CodeIgniter\Pager\Exceptions\PagerException::forInvalidTemplate('custom_pagination')
 2 SYSTEMPATH\Pager\Pager.php(87): CodeIgniter\Pager\Pager->displayLinks('default', 'custom_pagination')
 3 APPPATH\Views\users.php(266): CodeIgniter\Pager\Pager->links('default', 'custom_pagination')
 4 SYSTEMPATH\View\View.php(226): include('C:\\xampp\\htdocs\\ci4\\app\\Views\\users.php')
 5 SYSTEMPATH\View\View.php(229): CodeIgniter\View\View->CodeIgniter\View\{closure}()
 6 SYSTEMPATH\Common.php(1167): CodeIgniter\View\View->render('users', [], true)
 7 APPPATH\Controllers\Users.php(24): view('users', [...])
 8 SYSTEMPATH\CodeIgniter.php(933): App\Controllers\Users->index()
 9 SYSTEMPATH\CodeIgniter.php(507): CodeIgniter\CodeIgniter->runController(Object(App\Controllers\Users))
10 SYSTEMPATH\CodeIgniter.php(354): CodeIgniter\CodeIgniter->handleRequest(null, Object(Config\Cache), false)
11 SYSTEMPATH\Boot.php(363): CodeIgniter\CodeIgniter->run()
12 SYSTEMPATH\Boot.php(68): CodeIgniter\Boot::runCodeIgniter(Object(CodeIgniter\CodeIgniter))
13 FCPATH\index.php(59): CodeIgniter\Boot::bootWeb(Object(Config\Paths))
14 SYSTEMPATH\rewrite.php(44): require_once('C:\\xampp\\htdocs\\ci4\\public\\index.php')
CRITICAL - 2025-08-17 18:02:34 --> CodeIgniter\Pager\Exceptions\PagerException: "custom_pagination" is not a valid Pager template.
[Method: GET, Route: users]
in SYSTEMPATH\Pager\Pager.php on line 124.
 1 SYSTEMPATH\Pager\Pager.php(124): CodeIgniter\Pager\Exceptions\PagerException::forInvalidTemplate('custom_pagination')
 2 SYSTEMPATH\Pager\Pager.php(87): CodeIgniter\Pager\Pager->displayLinks('default', 'custom_pagination')
 3 APPPATH\Views\users.php(266): CodeIgniter\Pager\Pager->links('default', 'custom_pagination')
 4 SYSTEMPATH\View\View.php(226): include('C:\\xampp\\htdocs\\ci4\\app\\Views\\users.php')
 5 SYSTEMPATH\View\View.php(229): CodeIgniter\View\View->CodeIgniter\View\{closure}()
 6 SYSTEMPATH\Common.php(1167): CodeIgniter\View\View->render('users', [], true)
 7 APPPATH\Controllers\Users.php(24): view('users', [...])
 8 SYSTEMPATH\CodeIgniter.php(933): App\Controllers\Users->index()
 9 SYSTEMPATH\CodeIgniter.php(507): CodeIgniter\CodeIgniter->runController(Object(App\Controllers\Users))
10 SYSTEMPATH\CodeIgniter.php(354): CodeIgniter\CodeIgniter->handleRequest(null, Object(Config\Cache), false)
11 SYSTEMPATH\Boot.php(363): CodeIgniter\CodeIgniter->run()
12 SYSTEMPATH\Boot.php(68): CodeIgniter\Boot::runCodeIgniter(Object(CodeIgniter\CodeIgniter))
13 FCPATH\index.php(59): CodeIgniter\Boot::bootWeb(Object(Config\Paths))
14 SYSTEMPATH\rewrite.php(44): require_once('C:\\xampp\\htdocs\\ci4\\public\\index.php')
CRITICAL - 2025-08-17 18:05:07 --> CodeIgniter\Pager\Exceptions\PagerException: "custom_pagination" is not a valid Pager template.
[Method: GET, Route: users]
in SYSTEMPATH\Pager\Pager.php on line 124.
 1 SYSTEMPATH\Pager\Pager.php(124): CodeIgniter\Pager\Exceptions\PagerException::forInvalidTemplate('custom_pagination')
 2 SYSTEMPATH\Pager\Pager.php(87): CodeIgniter\Pager\Pager->displayLinks('default', 'custom_pagination')
 3 APPPATH\Views\users.php(263): CodeIgniter\Pager\Pager->links('default', 'custom_pagination')
 4 SYSTEMPATH\View\View.php(226): include('C:\\xampp\\htdocs\\ci4\\app\\Views\\users.php')
 5 SYSTEMPATH\View\View.php(229): CodeIgniter\View\View->CodeIgniter\View\{closure}()
 6 SYSTEMPATH\Common.php(1167): CodeIgniter\View\View->render('users', [], true)
 7 APPPATH\Controllers\Users.php(24): view('users', [...])
 8 SYSTEMPATH\CodeIgniter.php(933): App\Controllers\Users->index()
 9 SYSTEMPATH\CodeIgniter.php(507): CodeIgniter\CodeIgniter->runController(Object(App\Controllers\Users))
10 SYSTEMPATH\CodeIgniter.php(354): CodeIgniter\CodeIgniter->handleRequest(null, Object(Config\Cache), false)
11 SYSTEMPATH\Boot.php(363): CodeIgniter\CodeIgniter->run()
12 SYSTEMPATH\Boot.php(68): CodeIgniter\Boot::runCodeIgniter(Object(CodeIgniter\CodeIgniter))
13 FCPATH\index.php(59): CodeIgniter\Boot::bootWeb(Object(Config\Paths))
14 SYSTEMPATH\rewrite.php(44): require_once('C:\\xampp\\htdocs\\ci4\\public\\index.php')
CRITICAL - 2025-08-17 18:05:09 --> CodeIgniter\Pager\Exceptions\PagerException: "custom_pagination" is not a valid Pager template.
[Method: GET, Route: users]
in SYSTEMPATH\Pager\Pager.php on line 124.
 1 SYSTEMPATH\Pager\Pager.php(124): CodeIgniter\Pager\Exceptions\PagerException::forInvalidTemplate('custom_pagination')
 2 SYSTEMPATH\Pager\Pager.php(87): CodeIgniter\Pager\Pager->displayLinks('default', 'custom_pagination')
 3 APPPATH\Views\users.php(263): CodeIgniter\Pager\Pager->links('default', 'custom_pagination')
 4 SYSTEMPATH\View\View.php(226): include('C:\\xampp\\htdocs\\ci4\\app\\Views\\users.php')
 5 SYSTEMPATH\View\View.php(229): CodeIgniter\View\View->CodeIgniter\View\{closure}()
 6 SYSTEMPATH\Common.php(1167): CodeIgniter\View\View->render('users', [], true)
 7 APPPATH\Controllers\Users.php(24): view('users', [...])
 8 SYSTEMPATH\CodeIgniter.php(933): App\Controllers\Users->index()
 9 SYSTEMPATH\CodeIgniter.php(507): CodeIgniter\CodeIgniter->runController(Object(App\Controllers\Users))
10 SYSTEMPATH\CodeIgniter.php(354): CodeIgniter\CodeIgniter->handleRequest(null, Object(Config\Cache), false)
11 SYSTEMPATH\Boot.php(363): CodeIgniter\CodeIgniter->run()
12 SYSTEMPATH\Boot.php(68): CodeIgniter\Boot::runCodeIgniter(Object(CodeIgniter\CodeIgniter))
13 FCPATH\index.php(59): CodeIgniter\Boot::bootWeb(Object(Config\Paths))
14 SYSTEMPATH\rewrite.php(44): require_once('C:\\xampp\\htdocs\\ci4\\public\\index.php')
CRITICAL - 2025-08-17 18:05:26 --> CodeIgniter\Pager\Exceptions\PagerException: "custom_pagination" is not a valid Pager template.
[Method: GET, Route: users]
in SYSTEMPATH\Pager\Pager.php on line 124.
 1 SYSTEMPATH\Pager\Pager.php(124): CodeIgniter\Pager\Exceptions\PagerException::forInvalidTemplate('custom_pagination')
 2 SYSTEMPATH\Pager\Pager.php(87): CodeIgniter\Pager\Pager->displayLinks('default', 'custom_pagination')
 3 APPPATH\Views\users.php(263): CodeIgniter\Pager\Pager->links('default', 'custom_pagination')
 4 SYSTEMPATH\View\View.php(226): include('C:\\xampp\\htdocs\\ci4\\app\\Views\\users.php')
 5 SYSTEMPATH\View\View.php(229): CodeIgniter\View\View->CodeIgniter\View\{closure}()
 6 SYSTEMPATH\Common.php(1167): CodeIgniter\View\View->render('users', [], true)
 7 APPPATH\Controllers\Users.php(24): view('users', [...])
 8 SYSTEMPATH\CodeIgniter.php(933): App\Controllers\Users->index()
 9 SYSTEMPATH\CodeIgniter.php(507): CodeIgniter\CodeIgniter->runController(Object(App\Controllers\Users))
10 SYSTEMPATH\CodeIgniter.php(354): CodeIgniter\CodeIgniter->handleRequest(null, Object(Config\Cache), false)
11 SYSTEMPATH\Boot.php(363): CodeIgniter\CodeIgniter->run()
12 SYSTEMPATH\Boot.php(68): CodeIgniter\Boot::runCodeIgniter(Object(CodeIgniter\CodeIgniter))
13 FCPATH\index.php(59): CodeIgniter\Boot::bootWeb(Object(Config\Paths))
14 SYSTEMPATH\rewrite.php(44): require_once('C:\\xampp\\htdocs\\ci4\\public\\index.php')
CRITICAL - 2025-08-17 18:05:26 --> CodeIgniter\Pager\Exceptions\PagerException: "custom_pagination" is not a valid Pager template.
[Method: GET, Route: users]
in SYSTEMPATH\Pager\Pager.php on line 124.
 1 SYSTEMPATH\Pager\Pager.php(124): CodeIgniter\Pager\Exceptions\PagerException::forInvalidTemplate('custom_pagination')
 2 SYSTEMPATH\Pager\Pager.php(87): CodeIgniter\Pager\Pager->displayLinks('default', 'custom_pagination')
 3 APPPATH\Views\users.php(263): CodeIgniter\Pager\Pager->links('default', 'custom_pagination')
 4 SYSTEMPATH\View\View.php(226): include('C:\\xampp\\htdocs\\ci4\\app\\Views\\users.php')
 5 SYSTEMPATH\View\View.php(229): CodeIgniter\View\View->CodeIgniter\View\{closure}()
 6 SYSTEMPATH\Common.php(1167): CodeIgniter\View\View->render('users', [], true)
 7 APPPATH\Controllers\Users.php(24): view('users', [...])
 8 SYSTEMPATH\CodeIgniter.php(933): App\Controllers\Users->index()
 9 SYSTEMPATH\CodeIgniter.php(507): CodeIgniter\CodeIgniter->runController(Object(App\Controllers\Users))
10 SYSTEMPATH\CodeIgniter.php(354): CodeIgniter\CodeIgniter->handleRequest(null, Object(Config\Cache), false)
11 SYSTEMPATH\Boot.php(363): CodeIgniter\CodeIgniter->run()
12 SYSTEMPATH\Boot.php(68): CodeIgniter\Boot::runCodeIgniter(Object(CodeIgniter\CodeIgniter))
13 FCPATH\index.php(59): CodeIgniter\Boot::bootWeb(Object(Config\Paths))
14 SYSTEMPATH\rewrite.php(44): require_once('C:\\xampp\\htdocs\\ci4\\public\\index.php')
CRITICAL - 2025-08-17 18:11:30 --> CodeIgniter\Pager\Exceptions\PagerException: "custom_pagination" is not a valid Pager template.
[Method: GET, Route: users]
in SYSTEMPATH\Pager\Pager.php on line 124.
 1 SYSTEMPATH\Pager\Pager.php(124): CodeIgniter\Pager\Exceptions\PagerException::forInvalidTemplate('custom_pagination')
 2 SYSTEMPATH\Pager\Pager.php(87): CodeIgniter\Pager\Pager->displayLinks('default', 'custom_pagination')
 3 APPPATH\Views\users.php(261): CodeIgniter\Pager\Pager->links('default', 'custom_pagination')
 4 SYSTEMPATH\View\View.php(226): include('C:\\xampp\\htdocs\\ci4\\app\\Views\\users.php')
 5 SYSTEMPATH\View\View.php(229): CodeIgniter\View\View->CodeIgniter\View\{closure}()
 6 SYSTEMPATH\Common.php(1167): CodeIgniter\View\View->render('users', [], true)
 7 APPPATH\Controllers\Users.php(24): view('users', [...])
 8 SYSTEMPATH\CodeIgniter.php(933): App\Controllers\Users->index()
 9 SYSTEMPATH\CodeIgniter.php(507): CodeIgniter\CodeIgniter->runController(Object(App\Controllers\Users))
10 SYSTEMPATH\CodeIgniter.php(354): CodeIgniter\CodeIgniter->handleRequest(null, Object(Config\Cache), false)
11 SYSTEMPATH\Boot.php(363): CodeIgniter\CodeIgniter->run()
12 SYSTEMPATH\Boot.php(68): CodeIgniter\Boot::runCodeIgniter(Object(CodeIgniter\CodeIgniter))
13 FCPATH\index.php(59): CodeIgniter\Boot::bootWeb(Object(Config\Paths))
14 SYSTEMPATH\rewrite.php(44): require_once('C:\\xampp\\htdocs\\ci4\\public\\index.php')
CRITICAL - 2025-08-17 18:13:04 --> CodeIgniter\Pager\Exceptions\PagerException: "custom_pagination" is not a valid Pager template.
[Method: GET, Route: users]
in SYSTEMPATH\Pager\Pager.php on line 124.
 1 SYSTEMPATH\Pager\Pager.php(124): CodeIgniter\Pager\Exceptions\PagerException::forInvalidTemplate('custom_pagination')
 2 SYSTEMPATH\Pager\Pager.php(87): CodeIgniter\Pager\Pager->displayLinks('default', 'custom_pagination')
 3 APPPATH\Views\users.php(261): CodeIgniter\Pager\Pager->links('default', 'custom_pagination')
 4 SYSTEMPATH\View\View.php(226): include('C:\\xampp\\htdocs\\ci4\\app\\Views\\users.php')
 5 SYSTEMPATH\View\View.php(229): CodeIgniter\View\View->CodeIgniter\View\{closure}()
 6 SYSTEMPATH\Common.php(1167): CodeIgniter\View\View->render('users', [], true)
 7 APPPATH\Controllers\Users.php(24): view('users', [...])
 8 SYSTEMPATH\CodeIgniter.php(933): App\Controllers\Users->index()
 9 SYSTEMPATH\CodeIgniter.php(507): CodeIgniter\CodeIgniter->runController(Object(App\Controllers\Users))
10 SYSTEMPATH\CodeIgniter.php(354): CodeIgniter\CodeIgniter->handleRequest(null, Object(Config\Cache), false)
11 SYSTEMPATH\Boot.php(363): CodeIgniter\CodeIgniter->run()
12 SYSTEMPATH\Boot.php(68): CodeIgniter\Boot::runCodeIgniter(Object(CodeIgniter\CodeIgniter))
13 FCPATH\index.php(59): CodeIgniter\Boot::bootWeb(Object(Config\Paths))
14 SYSTEMPATH\rewrite.php(44): require_once('C:\\xampp\\htdocs\\ci4\\public\\index.php')
CRITICAL - 2025-08-17 18:14:15 --> CodeIgniter\Pager\Exceptions\PagerException: "custom_pagination" is not a valid Pager template.
[Method: GET, Route: users]
in SYSTEMPATH\Pager\Pager.php on line 124.
 1 SYSTEMPATH\Pager\Pager.php(124): CodeIgniter\Pager\Exceptions\PagerException::forInvalidTemplate('custom_pagination')
 2 SYSTEMPATH\Pager\Pager.php(87): CodeIgniter\Pager\Pager->displayLinks('default', 'custom_pagination')
 3 APPPATH\Views\users.php(261): CodeIgniter\Pager\Pager->links('default', 'custom_pagination')
 4 SYSTEMPATH\View\View.php(226): include('C:\\xampp\\htdocs\\ci4\\app\\Views\\users.php')
 5 SYSTEMPATH\View\View.php(229): CodeIgniter\View\View->CodeIgniter\View\{closure}()
 6 SYSTEMPATH\Common.php(1167): CodeIgniter\View\View->render('users', [], true)
 7 APPPATH\Controllers\Users.php(24): view('users', [...])
 8 SYSTEMPATH\CodeIgniter.php(933): App\Controllers\Users->index()
 9 SYSTEMPATH\CodeIgniter.php(507): CodeIgniter\CodeIgniter->runController(Object(App\Controllers\Users))
10 SYSTEMPATH\CodeIgniter.php(354): CodeIgniter\CodeIgniter->handleRequest(null, Object(Config\Cache), false)
11 SYSTEMPATH\Boot.php(363): CodeIgniter\CodeIgniter->run()
12 SYSTEMPATH\Boot.php(68): CodeIgniter\Boot::runCodeIgniter(Object(CodeIgniter\CodeIgniter))
13 FCPATH\index.php(59): CodeIgniter\Boot::bootWeb(Object(Config\Paths))
14 SYSTEMPATH\rewrite.php(44): require_once('C:\\xampp\\htdocs\\ci4\\public\\index.php')
CRITICAL - 2025-08-17 18:14:24 --> CodeIgniter\Pager\Exceptions\PagerException: "custom_pagination" is not a valid Pager template.
[Method: GET, Route: users]
in SYSTEMPATH\Pager\Pager.php on line 124.
 1 SYSTEMPATH\Pager\Pager.php(124): CodeIgniter\Pager\Exceptions\PagerException::forInvalidTemplate('custom_pagination')
 2 SYSTEMPATH\Pager\Pager.php(87): CodeIgniter\Pager\Pager->displayLinks('default', 'custom_pagination')
 3 APPPATH\Views\users.php(261): CodeIgniter\Pager\Pager->links('default', 'custom_pagination')
 4 SYSTEMPATH\View\View.php(226): include('C:\\xampp\\htdocs\\ci4\\app\\Views\\users.php')
 5 SYSTEMPATH\View\View.php(229): CodeIgniter\View\View->CodeIgniter\View\{closure}()
 6 SYSTEMPATH\Common.php(1167): CodeIgniter\View\View->render('users', [], true)
 7 APPPATH\Controllers\Users.php(24): view('users', [...])
 8 SYSTEMPATH\CodeIgniter.php(933): App\Controllers\Users->index()
 9 SYSTEMPATH\CodeIgniter.php(507): CodeIgniter\CodeIgniter->runController(Object(App\Controllers\Users))
10 SYSTEMPATH\CodeIgniter.php(354): CodeIgniter\CodeIgniter->handleRequest(null, Object(Config\Cache), false)
11 SYSTEMPATH\Boot.php(363): CodeIgniter\CodeIgniter->run()
12 SYSTEMPATH\Boot.php(68): CodeIgniter\Boot::runCodeIgniter(Object(CodeIgniter\CodeIgniter))
13 FCPATH\index.php(59): CodeIgniter\Boot::bootWeb(Object(Config\Paths))
14 SYSTEMPATH\rewrite.php(44): require_once('C:\\xampp\\htdocs\\ci4\\public\\index.php')
CRITICAL - 2025-08-17 18:17:58 --> CodeIgniter\Pager\Exceptions\PagerException: "custom_pagination" is not a valid Pager template.
[Method: GET, Route: users]
in SYSTEMPATH\Pager\Pager.php on line 124.
 1 SYSTEMPATH\Pager\Pager.php(124): CodeIgniter\Pager\Exceptions\PagerException::forInvalidTemplate('custom_pagination')
 2 SYSTEMPATH\Pager\Pager.php(87): CodeIgniter\Pager\Pager->displayLinks('default', 'custom_pagination')
 3 APPPATH\Views\users.php(261): CodeIgniter\Pager\Pager->links('default', 'custom_pagination')
 4 SYSTEMPATH\View\View.php(226): include('C:\\xampp\\htdocs\\ci4\\app\\Views\\users.php')
 5 SYSTEMPATH\View\View.php(229): CodeIgniter\View\View->CodeIgniter\View\{closure}()
 6 SYSTEMPATH\Common.php(1167): CodeIgniter\View\View->render('users', [], true)
 7 APPPATH\Controllers\Users.php(24): view('users', [...])
 8 SYSTEMPATH\CodeIgniter.php(933): App\Controllers\Users->index()
 9 SYSTEMPATH\CodeIgniter.php(507): CodeIgniter\CodeIgniter->runController(Object(App\Controllers\Users))
10 SYSTEMPATH\CodeIgniter.php(354): CodeIgniter\CodeIgniter->handleRequest(null, Object(Config\Cache), false)
11 SYSTEMPATH\Boot.php(363): CodeIgniter\CodeIgniter->run()
12 SYSTEMPATH\Boot.php(68): CodeIgniter\Boot::runCodeIgniter(Object(CodeIgniter\CodeIgniter))
13 FCPATH\index.php(59): CodeIgniter\Boot::bootWeb(Object(Config\Paths))
14 SYSTEMPATH\rewrite.php(44): require_once('C:\\xampp\\htdocs\\ci4\\public\\index.php')
CRITICAL - 2025-08-17 18:34:58 --> CodeIgniter\Pager\Exceptions\PagerException: "custom_pagination" is not a valid Pager template.
[Method: GET, Route: users]
in SYSTEMPATH\Pager\Pager.php on line 124.
 1 SYSTEMPATH\Pager\Pager.php(124): CodeIgniter\Pager\Exceptions\PagerException::forInvalidTemplate('custom_pagination')
 2 SYSTEMPATH\Pager\Pager.php(87): CodeIgniter\Pager\Pager->displayLinks('default', 'custom_pagination')
 3 APPPATH\Views\users.php(255): CodeIgniter\Pager\Pager->links('default', 'custom_pagination')
 4 SYSTEMPATH\View\View.php(226): include('C:\\xampp\\htdocs\\ci4\\app\\Views\\users.php')
 5 SYSTEMPATH\View\View.php(229): CodeIgniter\View\View->CodeIgniter\View\{closure}()
 6 SYSTEMPATH\Common.php(1167): CodeIgniter\View\View->render('users', [], true)
 7 APPPATH\Controllers\Users.php(24): view('users', [...])
 8 SYSTEMPATH\CodeIgniter.php(933): App\Controllers\Users->index()
 9 SYSTEMPATH\CodeIgniter.php(507): CodeIgniter\CodeIgniter->runController(Object(App\Controllers\Users))
10 SYSTEMPATH\CodeIgniter.php(354): CodeIgniter\CodeIgniter->handleRequest(null, Object(Config\Cache), false)
11 SYSTEMPATH\Boot.php(363): CodeIgniter\CodeIgniter->run()
12 SYSTEMPATH\Boot.php(68): CodeIgniter\Boot::runCodeIgniter(Object(CodeIgniter\CodeIgniter))
13 FCPATH\index.php(59): CodeIgniter\Boot::bootWeb(Object(Config\Paths))
14 SYSTEMPATH\rewrite.php(44): require_once('C:\\xampp\\htdocs\\ci4\\public\\index.php')
CRITICAL - 2025-08-17 18:37:19 --> CodeIgniter\Pager\Exceptions\PagerException: "custom_pagination" is not a valid Pager template.
[Method: GET, Route: users]
in SYSTEMPATH\Pager\Pager.php on line 124.
 1 SYSTEMPATH\Pager\Pager.php(124): CodeIgniter\Pager\Exceptions\PagerException::forInvalidTemplate('custom_pagination')
 2 SYSTEMPATH\Pager\Pager.php(87): CodeIgniter\Pager\Pager->displayLinks('default', 'custom_pagination')
 3 APPPATH\Views\users.php(255): CodeIgniter\Pager\Pager->links('default', 'custom_pagination')
 4 SYSTEMPATH\View\View.php(226): include('C:\\xampp\\htdocs\\ci4\\app\\Views\\users.php')
 5 SYSTEMPATH\View\View.php(229): CodeIgniter\View\View->CodeIgniter\View\{closure}()
 6 SYSTEMPATH\Common.php(1167): CodeIgniter\View\View->render('users', [], true)
 7 APPPATH\Controllers\Users.php(23): view('users', [...])
 8 SYSTEMPATH\CodeIgniter.php(933): App\Controllers\Users->index()
 9 SYSTEMPATH\CodeIgniter.php(507): CodeIgniter\CodeIgniter->runController(Object(App\Controllers\Users))
10 SYSTEMPATH\CodeIgniter.php(354): CodeIgniter\CodeIgniter->handleRequest(null, Object(Config\Cache), false)
11 SYSTEMPATH\Boot.php(363): CodeIgniter\CodeIgniter->run()
12 SYSTEMPATH\Boot.php(68): CodeIgniter\Boot::runCodeIgniter(Object(CodeIgniter\CodeIgniter))
13 FCPATH\index.php(59): CodeIgniter\Boot::bootWeb(Object(Config\Paths))
14 SYSTEMPATH\rewrite.php(44): require_once('C:\\xampp\\htdocs\\ci4\\public\\index.php')
CRITICAL - 2025-08-17 18:39:43 --> CodeIgniter\Pager\Exceptions\PagerException: "custom_pagination" is not a valid Pager template.
[Method: GET, Route: users]
in SYSTEMPATH\Pager\Pager.php on line 124.
 1 SYSTEMPATH\Pager\Pager.php(124): CodeIgniter\Pager\Exceptions\PagerException::forInvalidTemplate('custom_pagination')
 2 SYSTEMPATH\Pager\Pager.php(87): CodeIgniter\Pager\Pager->displayLinks('default', 'custom_pagination')
 3 APPPATH\Views\users.php(255): CodeIgniter\Pager\Pager->links('default', 'custom_pagination')
 4 SYSTEMPATH\View\View.php(226): include('C:\\xampp\\htdocs\\ci4\\app\\Views\\users.php')
 5 SYSTEMPATH\View\View.php(229): CodeIgniter\View\View->CodeIgniter\View\{closure}()
 6 SYSTEMPATH\Common.php(1167): CodeIgniter\View\View->render('users', [], true)
 7 APPPATH\Controllers\Users.php(23): view('users', [...])
 8 SYSTEMPATH\CodeIgniter.php(933): App\Controllers\Users->index()
 9 SYSTEMPATH\CodeIgniter.php(507): CodeIgniter\CodeIgniter->runController(Object(App\Controllers\Users))
10 SYSTEMPATH\CodeIgniter.php(354): CodeIgniter\CodeIgniter->handleRequest(null, Object(Config\Cache), false)
11 SYSTEMPATH\Boot.php(363): CodeIgniter\CodeIgniter->run()
12 SYSTEMPATH\Boot.php(68): CodeIgniter\Boot::runCodeIgniter(Object(CodeIgniter\CodeIgniter))
13 FCPATH\index.php(59): CodeIgniter\Boot::bootWeb(Object(Config\Paths))
14 SYSTEMPATH\rewrite.php(44): require_once('C:\\xampp\\htdocs\\ci4\\public\\index.php')
CRITICAL - 2025-08-17 18:41:07 --> CodeIgniter\Pager\Exceptions\PagerException: "custom_pagination" is not a valid Pager template.
[Method: GET, Route: users]
in SYSTEMPATH\Pager\Pager.php on line 124.
 1 SYSTEMPATH\Pager\Pager.php(124): CodeIgniter\Pager\Exceptions\PagerException::forInvalidTemplate('custom_pagination')
 2 SYSTEMPATH\Pager\Pager.php(87): CodeIgniter\Pager\Pager->displayLinks('default', 'custom_pagination')
 3 APPPATH\Views\users.php(255): CodeIgniter\Pager\Pager->links('default', 'custom_pagination')
 4 SYSTEMPATH\View\View.php(226): include('C:\\xampp\\htdocs\\ci4\\app\\Views\\users.php')
 5 SYSTEMPATH\View\View.php(229): CodeIgniter\View\View->CodeIgniter\View\{closure}()
 6 SYSTEMPATH\Common.php(1167): CodeIgniter\View\View->render('users', [], true)
 7 APPPATH\Controllers\Users.php(23): view('users', [...])
 8 SYSTEMPATH\CodeIgniter.php(933): App\Controllers\Users->index()
 9 SYSTEMPATH\CodeIgniter.php(507): CodeIgniter\CodeIgniter->runController(Object(App\Controllers\Users))
10 SYSTEMPATH\CodeIgniter.php(354): CodeIgniter\CodeIgniter->handleRequest(null, Object(Config\Cache), false)
11 SYSTEMPATH\Boot.php(363): CodeIgniter\CodeIgniter->run()
12 SYSTEMPATH\Boot.php(68): CodeIgniter\Boot::runCodeIgniter(Object(CodeIgniter\CodeIgniter))
13 FCPATH\index.php(59): CodeIgniter\Boot::bootWeb(Object(Config\Paths))
14 SYSTEMPATH\rewrite.php(44): require_once('C:\\xampp\\htdocs\\ci4\\public\\index.php')
CRITICAL - 2025-08-17 18:46:41 --> CodeIgniter\Pager\Exceptions\PagerException: "custom_pagination" is not a valid Pager template.
[Method: GET, Route: users]
in SYSTEMPATH\Pager\Pager.php on line 124.
 1 SYSTEMPATH\Pager\Pager.php(124): CodeIgniter\Pager\Exceptions\PagerException::forInvalidTemplate('custom_pagination')
 2 SYSTEMPATH\Pager\Pager.php(87): CodeIgniter\Pager\Pager->displayLinks('default', 'custom_pagination')
 3 APPPATH\Views\users.php(255): CodeIgniter\Pager\Pager->links('default', 'custom_pagination')
 4 SYSTEMPATH\View\View.php(226): include('C:\\xampp\\htdocs\\ci4\\app\\Views\\users.php')
 5 SYSTEMPATH\View\View.php(229): CodeIgniter\View\View->CodeIgniter\View\{closure}()
 6 SYSTEMPATH\Common.php(1167): CodeIgniter\View\View->render('users', [], true)
 7 APPPATH\Controllers\Users.php(23): view('users', [...])
 8 SYSTEMPATH\CodeIgniter.php(933): App\Controllers\Users->index()
 9 SYSTEMPATH\CodeIgniter.php(507): CodeIgniter\CodeIgniter->runController(Object(App\Controllers\Users))
10 SYSTEMPATH\CodeIgniter.php(354): CodeIgniter\CodeIgniter->handleRequest(null, Object(Config\Cache), false)
11 SYSTEMPATH\Boot.php(363): CodeIgniter\CodeIgniter->run()
12 SYSTEMPATH\Boot.php(68): CodeIgniter\Boot::runCodeIgniter(Object(CodeIgniter\CodeIgniter))
13 FCPATH\index.php(59): CodeIgniter\Boot::bootWeb(Object(Config\Paths))
14 SYSTEMPATH\rewrite.php(44): require_once('C:\\xampp\\htdocs\\ci4\\public\\index.php')
CRITICAL - 2025-08-17 18:46:43 --> CodeIgniter\Pager\Exceptions\PagerException: "custom_pagination" is not a valid Pager template.
[Method: GET, Route: users]
in SYSTEMPATH\Pager\Pager.php on line 124.
 1 SYSTEMPATH\Pager\Pager.php(124): CodeIgniter\Pager\Exceptions\PagerException::forInvalidTemplate('custom_pagination')
 2 SYSTEMPATH\Pager\Pager.php(87): CodeIgniter\Pager\Pager->displayLinks('default', 'custom_pagination')
 3 APPPATH\Views\users.php(255): CodeIgniter\Pager\Pager->links('default', 'custom_pagination')
 4 SYSTEMPATH\View\View.php(226): include('C:\\xampp\\htdocs\\ci4\\app\\Views\\users.php')
 5 SYSTEMPATH\View\View.php(229): CodeIgniter\View\View->CodeIgniter\View\{closure}()
 6 SYSTEMPATH\Common.php(1167): CodeIgniter\View\View->render('users', [], true)
 7 APPPATH\Controllers\Users.php(23): view('users', [...])
 8 SYSTEMPATH\CodeIgniter.php(933): App\Controllers\Users->index()
 9 SYSTEMPATH\CodeIgniter.php(507): CodeIgniter\CodeIgniter->runController(Object(App\Controllers\Users))
10 SYSTEMPATH\CodeIgniter.php(354): CodeIgniter\CodeIgniter->handleRequest(null, Object(Config\Cache), false)
11 SYSTEMPATH\Boot.php(363): CodeIgniter\CodeIgniter->run()
12 SYSTEMPATH\Boot.php(68): CodeIgniter\Boot::runCodeIgniter(Object(CodeIgniter\CodeIgniter))
13 FCPATH\index.php(59): CodeIgniter\Boot::bootWeb(Object(Config\Paths))
14 SYSTEMPATH\rewrite.php(44): require_once('C:\\xampp\\htdocs\\ci4\\public\\index.php')
